<?xml version="1.0" encoding="UTF-8"?>
<testng-results ignored="0" total="1" passed="1" failed="0" skipped="0">
  <reporter-output>
  </reporter-output>
  <suite started-at="2025-06-25T12:22:34 PDT" name="Surefire suite" finished-at="2025-06-25T12:22:46 PDT" duration-ms="12412">
    <groups>
    </groups>
    <test started-at="2025-06-25T12:22:34 PDT" name="Surefire test" finished-at="2025-06-25T12:22:46 PDT" duration-ms="12412">
      <class name="tests.LoginTest">
        <test-method is-config="true" signature="setUp()[pri:0, instance:tests.LoginTest@3b07a0d6]" started-at="2025-06-25T12:22:34 PDT" name="setUp" finished-at="2025-06-25T12:22:45 PDT" duration-ms="11231" status="PASS">
          <reporter-output>
          </reporter-output>
        </test-method> <!-- setUp -->
        <test-method signature="testValidLogin()[pri:0, instance:tests.LoginTest@3b07a0d6]" started-at="2025-06-25T12:22:45 PDT" name="testValidLogin" finished-at="2025-06-25T12:22:46 PDT" duration-ms="1114" status="PASS">
          <reporter-output>
          </reporter-output>
        </test-method> <!-- testValidLogin -->
        <test-method is-config="true" signature="tearDown()[pri:0, instance:tests.LoginTest@3b07a0d6]" started-at="2025-06-25T12:22:46 PDT" name="tearDown" finished-at="2025-06-25T12:22:46 PDT" duration-ms="4" status="PASS">
          <reporter-output>
          </reporter-output>
        </test-method> <!-- tearDown -->
      </class> <!-- tests.LoginTest -->
    </test> <!-- Surefire test -->
  </suite> <!-- Surefire suite -->
</testng-results>
