<?xml version="1.0" encoding="UTF-8"?>
<testng-results ignored="0" total="1" passed="1" failed="0" skipped="0">
  <reporter-output>
  </reporter-output>
  <suite started-at="2025-06-25T06:11:53 PDT" name="Default suite" finished-at="2025-06-25T06:11:58 PDT" duration-ms="5120">
    <groups>
    </groups>
    <test started-at="2025-06-25T06:11:53 PDT" name="Default test" finished-at="2025-06-25T06:11:58 PDT" duration-ms="5120">
      <class name="tests.LoginTest">
        <test-method is-config="true" signature="setUp()[pri:0, instance:tests.LoginTest@34123d65]" started-at="2025-06-25T06:11:53 PDT" name="setUp" finished-at="2025-06-25T06:11:58 PDT" duration-ms="4361" status="PASS">
          <reporter-output>
          </reporter-output>
        </test-method> <!-- setUp -->
        <test-method signature="testValidLogin()[pri:0, instance:tests.LoginTest@34123d65]" started-at="2025-06-25T06:11:58 PDT" name="testValidLogin" finished-at="2025-06-25T06:11:58 PDT" duration-ms="719" status="PASS">
          <reporter-output>
          </reporter-output>
        </test-method> <!-- testValidLogin -->
        <test-method is-config="true" signature="tearDown()[pri:0, instance:tests.LoginTest@34123d65]" started-at="2025-06-25T06:11:58 PDT" name="tearDown" finished-at="2025-06-25T06:11:58 PDT" duration-ms="1" status="PASS">
          <reporter-output>
          </reporter-output>
        </test-method> <!-- tearDown -->
      </class> <!-- tests.LoginTest -->
    </test> <!-- Default test -->
  </suite> <!-- Default suite -->
</testng-results>
